Qflow DRC logfile created on Mon Sep 26 10:32:50 AM EDT 2022
magic -dnull -noconsole  /home/kali/Desktop/VLSI-Design/projects/HW_Trojans/NonHWT/layout/run_drc_non_active_hwt.tcl

Magic 8.3 revision 105 - Compiled on Mon, 06 Dec 2021 22:32:27 +0200.
Starting magic under Tcl interpreter
Using the terminal as the console.
Using NULL graphics device.
Processing system .magicrc file
Input style lambda=0.20(p): scaleFactor=20, multiplier=1
Contact size value ignored (using GDS generation rules).
Contact size value ignored (using GDS generation rules).
Contact size value ignored (using GDS generation rules).
Contact size value ignored (using GDS generation rules).
Contact size value ignored (using GDS generation rules).
Contact size value ignored (using GDS generation rules).
4 Magic internal units = 1 Lambda
Loading "/home/kali/Desktop/VLSI-Design/projects/HW_Trojans/NonHWT/layout/run_drc_non_active_hwt.tcl" from command line.
Reading LEF data from file /usr/local/share/qflow/tech/osu035_redm4/osu035_redm4_stdcells.lef.
This action cannot be undone.
LEF read, Line 16 (Message): Unknown keyword "OBS" in LEF file; ignoring.
LEF read, Line 17 (Message): Unknown keyword "PIN" in LEF file; ignoring.
LEF read: Processed 3179 lines.
Scaled magic input cell non_active_hwt geometry by factor of 2
Processing timestamp mismatches: NAND2X1, BUFX2, AOI21X1, INVX1.
drc = 0
DRC checking script ended on Mon Sep 26 10:32:51 AM EDT 2022
