Qflow route logfile created on Mon Sep 26 10:29:47 AM EDT 2022
qrouter -noc  -s hwt.cfg
Qrouter detail maze router version 1.4.71.T
Reading LEF data from file /usr/local/share/qflow/tech/osu035/osu035_stdcells.lef.
LEF Read, Line 135: NOTE:  Old format VIARULE ignored.
LEF Read, Line 136: NOTE:  Old format VIARULE ignored.
LEF Read, Line 140: NOTE:  Old format VIARULE ignored.
LEF Read, Line 141: NOTE:  Old format VIARULE ignored.
LEF Read, Line 151: NOTE:  Old format VIARULE ignored.
LEF Read, Line 152: NOTE:  Old format VIARULE ignored.
LEF Read, Line 156: NOTE:  Old format VIARULE ignored.
LEF Read, Line 157: NOTE:  Old format VIARULE ignored.
LEF Read, Line 167: NOTE:  Old format VIARULE ignored.
LEF Read, Line 168: NOTE:  Old format VIARULE ignored.
LEF Read, Line 172: NOTE:  Old format VIARULE ignored.
LEF Read, Line 173: NOTE:  Old format VIARULE ignored.
LEF file:  Defines site corner (ignored)
LEF file:  Defines site IO (ignored)
LEF file:  Defines site core (ignored)
LEF read: Processed 3179 lines.
LEF Read: encountered 0 errors and 12 warnings total.
Vertical route layer at non-minimum pitch 3.2.  Using smaller pitch 1.6, will route on 1-of-2 tracks for layer metal4.
Reading DEF data from file hwt.def.
Diagnostic: Design name: "hwt"
  Processed 3 vias total.
  Processed 14 subcell instances total.
  Processed 7 pins total.
  Processed 10 nets total (0 fixed).
  Processed 2 special nets total (4 fixed).
DEF read: Processed 133 lines.
Output scale = microns / 100, precision 1
No antenna cell defined!
There are 12 nets in this design.
*** Running stage1 routing with defaults
Finished routing net C
Nets remaining: 11
Finished routing net B
Nets remaining: 10
Finished routing net A
Nets remaining: 9
Finished routing net _4_
Nets remaining: 8
Finished routing net Y
Nets remaining: 7
Finished routing net _0_
Nets remaining: 6
Finished routing net _1_
Nets remaining: 5
Finished routing net _2_
Nets remaining: 4
Finished routing net D
Nets remaining: 3
Finished routing net _3_
Nets remaining: 2

----------------------------------------------
Progress: Stage 1 total routes completed: 13
No failed routes!
----------------------------------------------
*** Running stage3 routing with defaults, 1st round
Finished routing net C
Nets remaining: 11
Finished routing net B
Nets remaining: 10
Finished routing net A
Nets remaining: 9
Finished routing net _4_
Nets remaining: 8
Finished routing net Y
Nets remaining: 7
Keeping route for net _0_
Finished routing net _1_
Nets remaining: 5
Finished routing net _2_
Nets remaining: 4
Finished routing net D
Nets remaining: 3
Keeping route for net _3_

----------------------------------------------
Progress: Stage 3 total routes completed: 24
No failed routes!
----------------------------------------------
*** Running stage3 routing with defaults, 2nd round
Finished routing net C
Nets remaining: 11
Finished routing net B
Nets remaining: 10
Finished routing net A
Nets remaining: 9
Finished routing net _4_
Nets remaining: 8
Finished routing net Y
Nets remaining: 7
Keeping route for net _0_
Finished routing net _1_
Nets remaining: 5
Finished routing net _2_
Nets remaining: 4
Finished routing net D
Nets remaining: 3
Keeping route for net _3_

----------------------------------------------
Progress: Stage 3 total routes completed: 35
No failed routes!
----------------------------------------------
*** Writing DEF file hwt_route.def
emit_routes():  DEF file has 10 nets and 4 specialnets.
but qrouter wants to write 12 nets and specialnets.
----------------------------------------------
Final: No failed routes!
----------------------------------------------
*** Writing RC file hwt_route.rc
DEF2Verilog -v /home/kali/Desktop/VLSI-Design/projects/HW_Trojans/HWT/synthesis/hwt.rtlnopwr.v -o /home/kali/Desktop/VLSI-Design/projects/HW_Trojans/HWT/synthesis/hwt_postroute.v
-p vdd -g gnd  -l  /usr/local/share/qflow/tech/osu035/osu035_stdcells.lef hwt_route.def

Generating RTL verilog and SPICE netlist file in directory
   /home/kali/Desktop/VLSI-Design/projects/HW_Trojans/HWT/synthesis
Running vlog2Verilog.
vlog2Verilog -c -v vdd -g gnd -o hwt.rtl.anno.v hwt_postroute.v
vlog2Verilog -c -p -v vdd -g gnd -o hwt.rtlnopwr.anno.v hwt_postroute.v
/usr/local/share/qflow/bin/vlog2Verilog -c -b -p -n -v vdd -g gnd -o hwt.rtlbb.anno.v hwt_postroute.v
Running vlog2Spice.
vlog2Spice -i -l  /usr/local/share/qflow/tech/osu035/osu035_stdcells.sp -o hwt.anno.spc hwt.rtl.anno.v
Router script ended on Mon Sep 26 10:29:47 AM EDT 2022
